17:48:20.092 [main] INFO   n.e.journalApp.JournalApplication - Starting JournalApplication using Java 21.0.6 with PID 27328 (C:\Users\Admin\Downloads\journalApp (1)\journalApp\target\classes started by Admin in C:\Users\Admin\Downloads\journalApp (1)\journalApp) 
17:48:20.095 [main] INFO   n.e.journalApp.JournalApplication - The following 1 profile is active: "prod" 
17:48:21.182 [main] INFO   o.s.d.r.c.RepositoryConfigurationDelegate - Bootstrapping Spring Data MongoDB repositories in DEFAULT mode. 
17:48:21.269 [main] INFO   o.s.d.r.c.RepositoryConfigurationDelegate - Finished Spring Data repository scanning in 79 ms. Found 2 MongoDB repository interfaces. 
17:48:22.023 [main] INFO   o.s.b.w.e.tomcat.TomcatWebServer - Tomcat initialized with port 8081 (http) 
17:48:22.039 [main] INFO   o.a.coyote.http11.Http11NioProtocol - Initializing ProtocolHandler ["http-nio-8081"] 
17:48:22.040 [main] INFO   o.a.catalina.core.StandardService - Starting service [Tomcat] 
17:48:22.040 [main] INFO   o.a.catalina.core.StandardEngine - Starting Servlet engine: [Apache Tomcat/10.1.24] 
17:48:22.125 [main] INFO   o.a.c.c.C.[.[localhost].[/journal] - Initializing Spring embedded WebApplicationContext 
17:48:22.126 [main] INFO   o.s.b.w.s.c.ServletWebServerApplicationContext - Root WebApplicationContext: initialization completed in 1940 ms 
17:48:22.578 [main] INFO   org.mongodb.driver.client - MongoClient with metadata {"driver": {"name": "mongo-java-driver|sync|spring-boot", "version": "4.11.2"}, "os": {"type": "Windows", "name": "Windows 11", "architecture": "amd64", "version": "10.0"}, "platform": "Java/Oracle Corporation/21.0.6+8-LTS-188"} created with settings MongoClientSettings{readPreference=primary, writeConcern=WriteConcern{w=null, wTimeout=null ms, journal=null}, retryWrites=true, retryReads=true, readConcern=ReadConcern{level=null}, credential=MongoCredential{mechanism=null, userName='nidhisharma00200', source='admin', password=<hidden>, mechanismProperties=<hidden>}, transportSettings=null, streamFactoryFactory=null, commandListeners=[], codecRegistry=ProvidersCodecRegistry{codecProviders=[ValueCodecProvider{}, BsonValueCodecProvider{}, DBRefCodecProvider{}, DBObjectCodecProvider{}, DocumentCodecProvider{}, CollectionCodecProvider{}, IterableCodecProvider{}, MapCodecProvider{}, GeoJsonCodecProvider{}, GridFSFileCodecProvider{}, Jsr310CodecProvider{}, JsonObjectCodecProvider{}, BsonCodecProvider{}, EnumCodecProvider{}, com.mongodb.client.model.mql.ExpressionCodecProvider@1775c4e7, com.mongodb.Jep395RecordCodecProvider@47829d6d, com.mongodb.KotlinCodecProvider@2f677247]}, loggerSettings=LoggerSettings{maxDocumentLength=1000}, clusterSettings={hosts=[127.0.0.1:27017], srvHost=cluster0.qxefjgv.mongodb.net, srvServiceName=mongodb, mode=MULTIPLE, requiredClusterType=REPLICA_SET, requiredReplicaSetName='atlas-jevdaj-shard-0', serverSelector='null', clusterListeners='[]', serverSelectionTimeout='30000 ms', localThreshold='15 ms'}, socketSettings=SocketSettings{connectTimeoutMS=10000, readTimeoutMS=0, receiveBufferSize=0, proxySettings=ProxySettings{host=null, port=null, username=null, password=null}}, heartbeatSocketSettings=SocketSettings{connectTimeoutMS=10000, readTimeoutMS=10000, receiveBufferSize=0, proxySettings=ProxySettings{host=null, port=null, username=null, password=null}}, connectionPoolSettings=ConnectionPoolSettings{maxSize=100, minSize=0, maxWaitTimeMS=120000, maxConnectionLifeTimeMS=0, maxConnectionIdleTimeMS=0, maintenanceInitialDelayMS=0, maintenanceFrequencyMS=60000, connectionPoolListeners=[], maxConnecting=2}, serverSettings=ServerSettings{heartbeatFrequencyMS=10000, minHeartbeatFrequencyMS=500, serverListeners='[]', serverMonitorListeners='[]'}, sslSettings=SslSettings{enabled=true, invalidHostNameAllowed=false, context=null}, applicationName='null', compressorList=[], uuidRepresentation=JAVA_LEGACY, serverApi=null, autoEncryptionSettings=null, dnsClient=null, inetAddressResolver=null, contextProvider=null} 
17:48:22.825 [cluster-ClusterId{value='68ff630e89de564b9007312c', description='null'}-srv-cluster0.qxefjgv.mongodb.net] INFO   org.mongodb.driver.cluster - Adding discovered server ac-u8pnhfq-shard-00-02.qxefjgv.mongodb.net:27017 to client view of cluster 
17:48:22.897 [cluster-ClusterId{value='68ff630e89de564b9007312c', description='null'}-srv-cluster0.qxefjgv.mongodb.net] INFO   org.mongodb.driver.cluster - Adding discovered server ac-u8pnhfq-shard-00-01.qxefjgv.mongodb.net:27017 to client view of cluster 
17:48:22.902 [cluster-ClusterId{value='68ff630e89de564b9007312c', description='null'}-srv-cluster0.qxefjgv.mongodb.net] INFO   org.mongodb.driver.cluster - Adding discovered server ac-u8pnhfq-shard-00-00.qxefjgv.mongodb.net:27017 to client view of cluster 
17:48:23.108 [main] INFO   org.mongodb.driver.cluster - No server chosen by WritableServerSelector from cluster description ClusterDescription{type=REPLICA_SET, connectionMode=MULTIPLE, serverDescriptions=[ServerDescription{address=ac-u8pnhfq-shard-00-00.qxefjgv.mongodb.net:27017, type=UNKNOWN, state=CONNECTING}, ServerDescription{address=ac-u8pnhfq-shard-00-01.qxefjgv.mongodb.net:27017, type=UNKNOWN, state=CONNECTING}, ServerDescription{address=ac-u8pnhfq-shard-00-02.qxefjgv.mongodb.net:27017, type=UNKNOWN, state=CONNECTING}]}. Waiting for 30000 ms before timing out 
17:48:23.713 [cluster-ClusterId{value='68ff630e89de564b9007312c', description='null'}-ac-u8pnhfq-shard-00-01.qxefjgv.mongodb.net:27017] INFO   org.mongodb.driver.cluster - Monitor thread successfully connected to server with description ServerDescription{address=ac-u8pnhfq-shard-00-01.qxefjgv.mongodb.net:27017, type=REPLICA_SET_SECONDARY, state=CONNECTED, ok=true, minWireVersion=0, maxWireVersion=25, maxDocumentSize=16777216, logicalSessionTimeoutMinutes=30, roundTripTimeNanos=388314800, setName='atlas-jevdaj-shard-0', canonicalAddress=ac-u8pnhfq-shard-00-01.qxefjgv.mongodb.net:27017, hosts=[ac-u8pnhfq-shard-00-01.qxefjgv.mongodb.net:27017, ac-u8pnhfq-shard-00-02.qxefjgv.mongodb.net:27017, ac-u8pnhfq-shard-00-00.qxefjgv.mongodb.net:27017], passives=[], arbiters=[], primary='ac-u8pnhfq-shard-00-02.qxefjgv.mongodb.net:27017', tagSet=TagSet{[Tag{name='availabilityZone', value='aps1-az3'}, Tag{name='diskState', value='READY'}, Tag{name='nodeType', value='ELECTABLE'}, Tag{name='provider', value='AWS'}, Tag{name='region', value='AP_SOUTH_1'}, Tag{name='workloadType', value='OPERATIONAL'}]}, electionId=null, setVersion=4, topologyVersion=TopologyVersion{processId=68f8fa2c0dfb9dfbd9e1dcd8, counter=3}, lastWriteDate=Mon Oct 27 17:48:11 IST 2025, lastUpdateTimeNanos=984832692410700} 
17:48:23.713 [cluster-ClusterId{value='68ff630e89de564b9007312c', description='null'}-ac-u8pnhfq-shard-00-00.qxefjgv.mongodb.net:27017] INFO   org.mongodb.driver.cluster - Monitor thread successfully connected to server with description ServerDescription{address=ac-u8pnhfq-shard-00-00.qxefjgv.mongodb.net:27017, type=REPLICA_SET_SECONDARY, state=CONNECTED, ok=true, minWireVersion=0, maxWireVersion=25, maxDocumentSize=16777216, logicalSessionTimeoutMinutes=30, roundTripTimeNanos=396497000, setName='atlas-jevdaj-shard-0', canonicalAddress=ac-u8pnhfq-shard-00-00.qxefjgv.mongodb.net:27017, hosts=[ac-u8pnhfq-shard-00-01.qxefjgv.mongodb.net:27017, ac-u8pnhfq-shard-00-02.qxefjgv.mongodb.net:27017, ac-u8pnhfq-shard-00-00.qxefjgv.mongodb.net:27017], passives=[], arbiters=[], primary='ac-u8pnhfq-shard-00-02.qxefjgv.mongodb.net:27017', tagSet=TagSet{[Tag{name='availabilityZone', value='aps1-az1'}, Tag{name='diskState', value='READY'}, Tag{name='nodeType', value='ELECTABLE'}, Tag{name='provider', value='AWS'}, Tag{name='region', value='AP_SOUTH_1'}, Tag{name='workloadType', value='OPERATIONAL'}]}, electionId=null, setVersion=4, topologyVersion=TopologyVersion{processId=68f8f48d37f5953134bb16c8, counter=4}, lastWriteDate=Mon Oct 27 17:48:11 IST 2025, lastUpdateTimeNanos=984832692410900} 
17:48:23.714 [cluster-ClusterId{value='68ff630e89de564b9007312c', description='null'}-ac-u8pnhfq-shard-00-02.qxefjgv.mongodb.net:27017] INFO   org.mongodb.driver.cluster - Monitor thread successfully connected to server with description ServerDescription{address=ac-u8pnhfq-shard-00-02.qxefjgv.mongodb.net:27017, type=REPLICA_SET_PRIMARY, state=CONNECTED, ok=true, minWireVersion=0, maxWireVersion=25, maxDocumentSize=16777216, logicalSessionTimeoutMinutes=30, roundTripTimeNanos=396339500, setName='atlas-jevdaj-shard-0', canonicalAddress=ac-u8pnhfq-shard-00-02.qxefjgv.mongodb.net:27017, hosts=[ac-u8pnhfq-shard-00-01.qxefjgv.mongodb.net:27017, ac-u8pnhfq-shard-00-02.qxefjgv.mongodb.net:27017, ac-u8pnhfq-shard-00-00.qxefjgv.mongodb.net:27017], passives=[], arbiters=[], primary='ac-u8pnhfq-shard-00-02.qxefjgv.mongodb.net:27017', tagSet=TagSet{[Tag{name='availabilityZone', value='aps1-az2'}, Tag{name='diskState', value='READY'}, Tag{name='nodeType', value='ELECTABLE'}, Tag{name='provider', value='AWS'}, Tag{name='region', value='AP_SOUTH_1'}, Tag{name='workloadType', value='OPERATIONAL'}]}, electionId=7fffffff0000000000000012, setVersion=4, topologyVersion=TopologyVersion{processId=68f8f7ad04ce519b9bc60e70, counter=6}, lastWriteDate=Mon Oct 27 17:48:11 IST 2025, lastUpdateTimeNanos=984832692410900} 
17:48:23.717 [cluster-ClusterId{value='68ff630e89de564b9007312c', description='null'}-ac-u8pnhfq-shard-00-02.qxefjgv.mongodb.net:27017] INFO   org.mongodb.driver.cluster - Discovered replica set primary ac-u8pnhfq-shard-00-02.qxefjgv.mongodb.net:27017 with max election id 7fffffff0000000000000012 and max set version 4 
17:48:24.460 [main] WARN   o.s.b.w.s.c.AnnotationConfigServletWebServerApplicationContext - Exception encountered during context initialization - cancelling refresh attempt: org.springframework.beans.factory.BeanCurrentlyInCreationException: Error creating bean with name 'springSecurity': Requested bean is currently in creation: Is there an unresolvable circular reference? 
17:48:24.604 [main] INFO   o.a.catalina.core.StandardService - Stopping service [Tomcat] 
17:48:24.623 [main] INFO   o.s.b.a.l.ConditionEvaluationReportLogger - 

Error starting ApplicationContext. To display the condition evaluation report re-run your application with 'debug' enabled. 
17:48:24.658 [main] ERROR  o.s.boot.SpringApplication - Application run failed 
org.springframework.beans.factory.BeanCurrentlyInCreationException: Error creating bean with name 'springSecurity': Requested bean is currently in creation: Is there an unresolvable circular reference?
	at org.springframework.beans.factory.support.DefaultSingletonBeanRegistry.beforeSingletonCreation(DefaultSingletonBeanRegistry.java:355)
	at org.springframework.beans.factory.support.DefaultSingletonBeanRegistry.getSingleton(DefaultSingletonBeanRegistry.java:227)
	at org.springframework.beans.factory.support.AbstractBeanFactory.doGetBean(AbstractBeanFactory.java:335)
	at org.springframework.beans.factory.support.AbstractBeanFactory.getBean(AbstractBeanFactory.java:200)
	at org.springframework.beans.factory.support.ConstructorResolver.instantiateUsingFactoryMethod(ConstructorResolver.java:409)
	at org.springframework.beans.factory.support.AbstractAutowireCapableBeanFactory.instantiateUsingFactoryMethod(AbstractAutowireCapableBeanFactory.java:1337)
	at org.springframework.beans.factory.support.AbstractAutowireCapableBeanFactory.createBeanInstance(AbstractAutowireCapableBeanFactory.java:1167)
	at org.springframework.beans.factory.support.AbstractAutowireCapableBeanFactory.doCreateBean(AbstractAutowireCapableBeanFactory.java:562)
	at org.springframework.beans.factory.support.AbstractAutowireCapableBeanFactory.createBean(AbstractAutowireCapableBeanFactory.java:522)
	at org.springframework.beans.factory.support.AbstractBeanFactory.lambda$doGetBean$0(AbstractBeanFactory.java:337)
	at org.springframework.beans.factory.support.DefaultSingletonBeanRegistry.getSingleton(DefaultSingletonBeanRegistry.java:234)
	at org.springframework.beans.factory.support.AbstractBeanFactory.doGetBean(AbstractBeanFactory.java:335)
	at org.springframework.beans.factory.support.AbstractBeanFactory.getBean(AbstractBeanFactory.java:200)
	at org.springframework.context.annotation.ConfigurationClassEnhancer$BeanMethodInterceptor.resolveBeanReference(ConfigurationClassEnhancer.java:371)
	at org.springframework.context.annotation.ConfigurationClassEnhancer$BeanMethodInterceptor.intercept(ConfigurationClassEnhancer.java:342)
	at net.engineeringdigest.journalApp.Config.SpringSecurity$$SpringCGLIB$$0.passwordEncoder(<generated>)
	at net.engineeringdigest.journalApp.Config.SpringSecurity.configureGlobal(SpringSecurity.java:39)
	at java.base/jdk.internal.reflect.DirectMethodHandleAccessor.invoke(DirectMethodHandleAccessor.java:103)
	at java.base/java.lang.reflect.Method.invoke(Method.java:580)
	at org.springframework.beans.factory.annotation.AutowiredAnnotationBeanPostProcessor$AutowiredMethodElement.inject(AutowiredAnnotationBeanPostProcessor.java:853)
	at org.springframework.beans.factory.annotation.InjectionMetadata.inject(InjectionMetadata.java:145)
	at org.springframework.beans.factory.annotation.AutowiredAnnotationBeanPostProcessor.postProcessProperties(AutowiredAnnotationBeanPostProcessor.java:508)
	at org.springframework.beans.factory.support.AbstractAutowireCapableBeanFactory.populateBean(AbstractAutowireCapableBeanFactory.java:1421)
	at org.springframework.beans.factory.support.AbstractAutowireCapableBeanFactory.doCreateBean(AbstractAutowireCapableBeanFactory.java:599)
	at org.springframework.beans.factory.support.AbstractAutowireCapableBeanFactory.createBean(AbstractAutowireCapableBeanFactory.java:522)
	at org.springframework.beans.factory.support.AbstractBeanFactory.lambda$doGetBean$0(AbstractBeanFactory.java:337)
	at org.springframework.beans.factory.support.DefaultSingletonBeanRegistry.getSingleton(DefaultSingletonBeanRegistry.java:234)
	at org.springframework.beans.factory.support.AbstractBeanFactory.doGetBean(AbstractBeanFactory.java:335)
	at org.springframework.beans.factory.support.AbstractBeanFactory.getBean(AbstractBeanFactory.java:200)
	at org.springframework.beans.factory.support.DefaultListableBeanFactory.preInstantiateSingletons(DefaultListableBeanFactory.java:975)
	at org.springframework.context.support.AbstractApplicationContext.finishBeanFactoryInitialization(AbstractApplicationContext.java:962)
	at org.springframework.context.support.AbstractApplicationContext.refresh(AbstractApplicationContext.java:624)
	at org.springframework.boot.web.servlet.context.ServletWebServerApplicationContext.refresh(ServletWebServerApplicationContext.java:146)
	at org.springframework.boot.SpringApplication.refresh(SpringApplication.java:754)
	at org.springframework.boot.SpringApplication.refreshContext(SpringApplication.java:456)
	at org.springframework.boot.SpringApplication.run(SpringApplication.java:335)
	at org.springframework.boot.SpringApplication.run(SpringApplication.java:1363)
	at org.springframework.boot.SpringApplication.run(SpringApplication.java:1352)
	at net.engineeringdigest.journalApp.JournalApplication.main(JournalApplication.java:20)
